<?xml version="1.0" encoding="UTF-8"?>
<!-- Generated by org.testng.reporters.JUnitReportReporter -->
<testsuite hostname="shreya" failures="0" tests="1" name="synechron123.synefirst" time="10.411" errors="0" timestamp="2023-03-18T08:32:58 IST" skipped="0">
  <testcase classname="synechron123.synefirst" name="first" time="10.411"/>
  <system-out/>
</testsuite> <!-- synechron123.synefirst -->
